[debug] [2025-11-18T17:27:05.275Z] ----------------------------------------------------------------------
[debug] [2025-11-18T17:27:05.277Z] Command:       /usr/local/bin/node /usr/local/bin/firebase init
[debug] [2025-11-18T17:27:05.277Z] CLI Version:   14.23.0
[debug] [2025-11-18T17:27:05.277Z] Platform:      darwin
[debug] [2025-11-18T17:27:05.277Z] Node Version:  v22.20.0
[debug] [2025-11-18T17:27:05.277Z] Time:          Tue Nov 18 2025 09:27:05 GMT-0800 (Pacific Standard Time)
[debug] [2025-11-18T17:27:05.277Z] ----------------------------------------------------------------------
[debug] 
[debug] [2025-11-18T17:27:05.278Z] >>> [apiv2][query] GET https://firebase-public.firebaseio.com/cli.json [none]
[info] 
     ######## #### ########  ######## ########     ###     ######  ########
     ##        ##  ##     ## ##       ##     ##  ##   ##  ##       ##
     ######    ##  ########  ######   ########  #########  ######  ######
     ##        ##  ##    ##  ##       ##     ## ##     ##       ## ##
     ##       #### ##     ## ######## ########  ##     ##  ######  ########

You're about to initialize a Firebase project in this directory:

  /Users/vane/Documents/CSUEB/A/CS 651-01 - Web Systems/Project 2/social-network-x

Before we get started, keep in mind:

  * You are currently outside your home directory

[debug] [2025-11-18T17:27:05.440Z] <<< [apiv2][status] GET https://firebase-public.firebaseio.com/cli.json 200
[debug] [2025-11-18T17:27:05.441Z] <<< [apiv2][body] GET https://firebase-public.firebaseio.com/cli.json {"cloudBuildErrorAfter":1594252800000,"cloudBuildWarnAfter":1590019200000,"defaultNode10After":1594252800000,"minVersion":"3.0.5","node8DeploysDisabledAfter":1613390400000,"node8RuntimeDisabledAfter":1615809600000,"node8WarnAfter":1600128000000}
[debug] [2025-11-18T17:29:40.954Z] ExitPromptError: User force closed the prompt with SIGINT
    at Interface.sigint (/usr/local/lib/node_modules/firebase-tools/node_modules/@inquirer/core/dist/commonjs/lib/create-prompt.js:101:37)
    at Interface.emit (node:events:519:28)
    at Interface.emit (node:domain:489:12)
    at [_ttyWrite] [as _ttyWrite] (node:internal/readline/interface:1128:18)
    at ReadStream.onkeypress (node:internal/readline/interface:271:20)
    at ReadStream.emit (node:events:531:35)
    at ReadStream.emit (node:domain:489:12)
    at emitKeys (node:internal/readline/utils:370:14)
    at emitKeys.next (<anonymous>)
    at ReadStream.onData (node:internal/readline/emitKeypressEvents:64:36)
[error] 
[error] Error: An unexpected error has occurred.
